<?xml version="1.0" encoding="UTF-8"?>
<!-- Generated by org.testng.reporters.JUnitXMLReporter -->
<testsuite ignored="0" hostname="superuser" failures="0" tests="6" name="Test" time="0.208" errors="0" timestamp="2020-10-08T23:51:31 IST">
  <testcase classname="UdemySeleniumJava.AppiumTest" name="Demo1" time="0.026"/>
  <testcase classname="UdemySeleniumJava.AppiumTest" name="Demo2" time="0.003"/>
  <testcase classname="UdemySeleniumJava.AppiumTest" name="Demo3" time="0.002"/>
  <testcase classname="UdemySeleniumJava.RestAPITest" name="Demo4" time="0.003"/>
  <testcase classname="UdemySeleniumJava.RestAPITest" name="Demo5" time="0.002"/>
  <testcase classname="UdemySeleniumJava.RestAPITest" name="Demo6" time="0.002"/>
</testsuite> <!-- Test -->
