<?xml version="1.0" encoding="UTF-8"?>
<testng-results ignored="0" total="6" passed="6" failed="0" skipped="0">
  <reporter-output>
  </reporter-output>
  <suite started-at="2020-10-08T23:51:30 IST" name="Suite" finished-at="2020-10-08T23:51:30 IST" duration-ms="208">
    <groups>
    </groups>
    <test started-at="2020-10-08T23:51:30 IST" name="Test" finished-at="2020-10-08T23:51:30 IST" duration-ms="208">
      <class name="UdemySeleniumJava.RestAPITest">
        <test-method signature="Demo4()[pri:0, instance:UdemySeleniumJava.RestAPITest@233fe9b6]" started-at="2020-10-08T23:51:30 IST" name="Demo4" finished-at="2020-10-08T23:51:30 IST" duration-ms="3" status="PASS">
          <reporter-output>
          </reporter-output>
        </test-method> <!-- Demo4 -->
        <test-method signature="Demo5()[pri:0, instance:UdemySeleniumJava.RestAPITest@233fe9b6]" started-at="2020-10-08T23:51:30 IST" name="Demo5" finished-at="2020-10-08T23:51:30 IST" duration-ms="2" status="PASS">
          <reporter-output>
          </reporter-output>
        </test-method> <!-- Demo5 -->
        <test-method signature="Demo6()[pri:0, instance:UdemySeleniumJava.RestAPITest@233fe9b6]" started-at="2020-10-08T23:51:30 IST" name="Demo6" finished-at="2020-10-08T23:51:30 IST" duration-ms="2" status="PASS">
          <reporter-output>
          </reporter-output>
        </test-method> <!-- Demo6 -->
      </class> <!-- UdemySeleniumJava.RestAPITest -->
      <class name="UdemySeleniumJava.AppiumTest">
        <test-method signature="Demo1()[pri:0, instance:UdemySeleniumJava.AppiumTest@78e94dcf]" started-at="2020-10-08T23:51:30 IST" name="Demo1" finished-at="2020-10-08T23:51:30 IST" duration-ms="26" status="PASS">
          <reporter-output>
          </reporter-output>
        </test-method> <!-- Demo1 -->
        <test-method signature="Demo2()[pri:0, instance:UdemySeleniumJava.AppiumTest@78e94dcf]" started-at="2020-10-08T23:51:30 IST" name="Demo2" finished-at="2020-10-08T23:51:30 IST" duration-ms="3" status="PASS">
          <reporter-output>
          </reporter-output>
        </test-method> <!-- Demo2 -->
        <test-method signature="Demo3()[pri:0, instance:UdemySeleniumJava.AppiumTest@78e94dcf]" started-at="2020-10-08T23:51:30 IST" name="Demo3" finished-at="2020-10-08T23:51:30 IST" duration-ms="2" status="PASS">
          <reporter-output>
          </reporter-output>
        </test-method> <!-- Demo3 -->
      </class> <!-- UdemySeleniumJava.AppiumTest -->
    </test> <!-- Test -->
  </suite> <!-- Suite -->
</testng-results>
